  Source.cpp
C:\Users\Monica\Desktop\Proiect\Project1\Header.h(23,12): warning C4305: 'initializing': truncation from 'double' to 'float'
C:\Users\Monica\Desktop\Proiect\Project1\Header.h(83,1): warning C4305: '=': truncation from 'double' to 'float'
C:\Users\Monica\Desktop\Proiect\Project1\Header.h(485,1): warning C4305: 'argument': truncation from 'double' to 'float'
C:\Users\Monica\Desktop\Proiect\Project1\Header.h(940,1): warning C4305: 'argument': truncation from 'double' to 'float'
C:\Users\Monica\Desktop\Proiect\Project1\Header.h(942,1): warning C4305: 'argument': truncation from 'double' to 'float'
C:\Users\Monica\Desktop\Proiect\Project1\Header.h(1403,1): warning C4305: 'argument': truncation from 'double' to 'float'
C:\Users\Monica\Desktop\Proiect\Project1\Header.h(1405,1): warning C4305: 'argument': truncation from 'double' to 'float'
C:\Users\Monica\Desktop\Proiect\Project1\Header.h(2007,1): warning C4010: single-line comment contains line-continuation character
C:\Users\Monica\Desktop\Proiect\Project1\Header.h(2008,1): warning C4010: single-line comment contains line-continuation character
C:\Users\Monica\Desktop\Proiect\Project1\Header.h(2401,1): warning C4010: single-line comment contains line-continuation character
C:\Users\Monica\Desktop\Proiect\Project1\Header.h(2455,1): warning C4010: single-line comment contains line-continuation character
C:\Users\Monica\Desktop\Proiect\Project1\Header.h(2509,1): warning C4010: single-line comment contains line-continuation character
C:\Users\Monica\Desktop\Proiect\Project1\Header.h(2563,1): warning C4010: single-line comment contains line-continuation character
C:\Users\Monica\Desktop\Proiect\Project1\Header.h(2822,1): warning C4010: single-line comment contains line-continuation character
C:\Users\Monica\Desktop\Proiect\Project1\Header.h(2897,1): warning C4010: single-line comment contains line-continuation character
C:\Users\Monica\Desktop\Proiect\Project1\Header.h(4299,1): warning C4010: single-line comment contains line-continuation character
C:\Users\Monica\Desktop\Proiect\Project1\Header.h(4300,1): warning C4010: single-line comment contains line-continuation character
C:\Users\Monica\Desktop\Proiect\Project1\Header.h(4173,14): warning C4244: 'initializing': conversion from 'std::streamoff' to 'int', possible loss of data
C:\Users\Monica\Desktop\Proiect\Project1\Header.h(4337,14): warning C4244: 'initializing': conversion from 'std::streamoff' to 'int', possible loss of data
C:\Users\Monica\Desktop\Proiect\Project1\Header.h(4469,1): warning C4305: 'argument': truncation from 'double' to 'float'
C:\Users\Monica\Desktop\Proiect\Project1\Header.h(4524,1): warning C4305: 'argument': truncation from 'double' to 'float'
C:\Users\Monica\Desktop\Proiect\Project1\Header.h(4630,1): warning C4305: 'argument': truncation from 'double' to 'float'
C:\Users\Monica\Desktop\Proiect\Project1\Header.h(4681,11): warning C4244: 'initializing': conversion from 'std::streamoff' to 'int', possible loss of data
C:\Users\Monica\Desktop\Proiect\Project1\Header.h(4581,28): warning C4101: 've': unreferenced local variable
  Project1.vcxproj -> C:\Users\Monica\Desktop\Proiect\Project1\Debug\Project1.exe
